2024-07-29 09:40:59,335[INFO] com.example.petsback.PetsbackApplication [restartedMain] Starting PetsbackApplication using Java 17.0.11 with PID 4892 (C:\Users\sowbu\OneDrive\Desktop\petsback\petsback\target\classes started by sowbu in C:\Users\sowbu\OneDrive\Desktop\petsback\petsback)
2024-07-29 09:40:59,342[INFO] com.example.petsback.PetsbackApplication [restartedMain] No active profile set, falling back to 1 default profile: "default"
2024-07-29 09:40:59,457[INFO] org.springframework.boot.devtools.env.DevToolsPropertyDefaultsPostProcessor [restartedMain] Devtools property defaults active! Set 'spring.devtools.add-properties' to 'false' to disable
2024-07-29 09:40:59,458[INFO] org.springframework.boot.devtools.env.DevToolsPropertyDefaultsPostProcessor [restartedMain] For additional web related logging consider setting the 'logging.level.web' property to 'DEBUG'
2024-07-29 09:41:00,552[INFO] org.springframework.data.repository.config.RepositoryConfigurationDelegate [restartedMain] Bootstrapping Spring Data JPA repositories in DEFAULT mode.
2024-07-29 09:41:00,608[INFO] org.springframework.data.repository.config.RepositoryConfigurationDelegate [restartedMain] Finished Spring Data repository scanning in 49 ms. Found 1 JPA repository interface.
2024-07-29 09:41:01,622[INFO] org.springframework.boot.web.embedded.tomcat.TomcatWebServer [restartedMain] Tomcat initialized with port 8080 (http)
2024-07-29 09:41:01,645[INFO] org.apache.catalina.core.StandardService [restartedMain] Starting service [Tomcat]
2024-07-29 09:41:01,648[INFO] org.apache.catalina.core.StandardEngine [restartedMain] Starting Servlet engine: [Apache Tomcat/10.1.19]
2024-07-29 09:41:01,747[INFO] org.apache.catalina.core.ContainerBase.[Tomcat].[localhost].[/] [restartedMain] Initializing Spring embedded WebApplicationContext
2024-07-29 09:41:01,750[INFO] org.springframework.boot.web.servlet.context.ServletWebServerApplicationContext [restartedMain] Root WebApplicationContext: initialization completed in 2288 ms
2024-07-29 09:41:01,972[INFO] org.hibernate.jpa.internal.util.LogHelper [restartedMain] HHH000204: Processing PersistenceUnitInfo [name: default]
2024-07-29 09:41:02,074[INFO] org.hibernate.Version [restartedMain] HHH000412: Hibernate ORM core version 6.4.4.Final
2024-07-29 09:41:02,120[INFO] org.hibernate.cache.internal.RegionFactoryInitiator [restartedMain] HHH000026: Second-level cache disabled
2024-07-29 09:41:02,391[INFO] org.springframework.orm.jpa.persistenceunit.SpringPersistenceUnitInfo [restartedMain] No LoadTimeWeaver setup: ignoring JPA class transformer
2024-07-29 09:41:02,425[INFO] com.zaxxer.hikari.HikariDataSource [restartedMain] HikariPool-1 - Starting...
2024-07-29 09:41:02,774[INFO] com.zaxxer.hikari.pool.HikariPool [restartedMain] HikariPool-1 - Added connection com.mysql.cj.jdbc.ConnectionImpl@3259b665
2024-07-29 09:41:02,776[INFO] com.zaxxer.hikari.HikariDataSource [restartedMain] HikariPool-1 - Start completed.
2024-07-29 09:41:03,712[INFO] org.hibernate.engine.transaction.jta.platform.internal.JtaPlatformInitiator [restartedMain] HHH000489: No JTA platform available (set 'hibernate.transaction.jta.platform' to enable JTA platform integration)
2024-07-29 09:41:03,767[INFO] org.springframework.orm.jpa.LocalContainerEntityManagerFactoryBean [restartedMain] Initialized JPA EntityManagerFactory for persistence unit 'default'
2024-07-29 09:41:04,463[WARN] org.springframework.boot.autoconfigure.orm.jpa.JpaBaseConfiguration$JpaWebConfiguration [restartedMain] spring.jpa.open-in-view is enabled by default. Therefore, database queries may be performed during view rendering. Explicitly configure spring.jpa.open-in-view to disable this warning
2024-07-29 09:41:05,215[INFO] org.springframework.boot.devtools.autoconfigure.OptionalLiveReloadServer [restartedMain] LiveReload server is running on port 35729
2024-07-29 09:41:05,288[INFO] org.springframework.boot.web.embedded.tomcat.TomcatWebServer [restartedMain] Tomcat started on port 8080 (http) with context path ''
2024-07-29 09:41:05,308[INFO] com.example.petsback.PetsbackApplication [restartedMain] Started PetsbackApplication in 6.444 seconds (process running for 6.985)
2024-07-29 09:41:43,464[INFO] org.apache.catalina.core.ContainerBase.[Tomcat].[localhost].[/] [http-nio-8080-exec-2] Initializing Spring DispatcherServlet 'dispatcherServlet'
2024-07-29 09:41:43,468[INFO] org.springframework.web.servlet.DispatcherServlet [http-nio-8080-exec-2] Initializing Servlet 'dispatcherServlet'
2024-07-29 09:41:43,473[INFO] org.springframework.web.servlet.DispatcherServlet [http-nio-8080-exec-2] Completed initialization in 3 ms
2024-07-29 09:54:22,868[INFO] org.springframework.boot.devtools.autoconfigure.LocalDevToolsAutoConfiguration$RestartingClassPathChangeChangedEventListener [File Watcher] Restarting due to 1 class path change (0 additions, 0 deletions, 1 modification)
2024-07-29 09:54:22,880[INFO] org.springframework.orm.jpa.LocalContainerEntityManagerFactoryBean [Thread-5] Closing JPA EntityManagerFactory for persistence unit 'default'
2024-07-29 09:54:22,884[INFO] com.zaxxer.hikari.HikariDataSource [Thread-5] HikariPool-1 - Shutdown initiated...
2024-07-29 09:54:22,890[INFO] com.zaxxer.hikari.HikariDataSource [Thread-5] HikariPool-1 - Shutdown completed.
2024-07-29 09:54:22,954[INFO] com.example.petsback.PetsbackApplication [restartedMain] Starting PetsbackApplication using Java 17.0.11 with PID 4892 (C:\Users\sowbu\OneDrive\Desktop\petsback\petsback\target\classes started by sowbu in C:\Users\sowbu\OneDrive\Desktop\petsback\petsback)
2024-07-29 09:54:22,955[INFO] com.example.petsback.PetsbackApplication [restartedMain] No active profile set, falling back to 1 default profile: "default"
2024-07-29 09:54:23,205[INFO] org.springframework.data.repository.config.RepositoryConfigurationDelegate [restartedMain] Bootstrapping Spring Data JPA repositories in DEFAULT mode.
2024-07-29 09:54:23,224[INFO] org.springframework.data.repository.config.RepositoryConfigurationDelegate [restartedMain] Finished Spring Data repository scanning in 19 ms. Found 1 JPA repository interface.
2024-07-29 09:54:23,362[INFO] org.springframework.boot.web.embedded.tomcat.TomcatWebServer [restartedMain] Tomcat initialized with port 8080 (http)
2024-07-29 09:54:23,364[INFO] org.apache.catalina.core.StandardService [restartedMain] Starting service [Tomcat]
2024-07-29 09:54:23,365[INFO] org.apache.catalina.core.StandardEngine [restartedMain] Starting Servlet engine: [Apache Tomcat/10.1.19]
2024-07-29 09:54:23,393[INFO] org.apache.catalina.core.ContainerBase.[Tomcat].[localhost].[/] [restartedMain] Initializing Spring embedded WebApplicationContext
2024-07-29 09:54:23,394[INFO] org.springframework.boot.web.servlet.context.ServletWebServerApplicationContext [restartedMain] Root WebApplicationContext: initialization completed in 436 ms
2024-07-29 09:54:23,430[INFO] org.hibernate.jpa.internal.util.LogHelper [restartedMain] HHH000204: Processing PersistenceUnitInfo [name: default]
2024-07-29 09:54:23,435[INFO] org.hibernate.cache.internal.RegionFactoryInitiator [restartedMain] HHH000026: Second-level cache disabled
2024-07-29 09:54:23,441[INFO] org.springframework.orm.jpa.persistenceunit.SpringPersistenceUnitInfo [restartedMain] No LoadTimeWeaver setup: ignoring JPA class transformer
2024-07-29 09:54:23,443[INFO] com.zaxxer.hikari.HikariDataSource [restartedMain] HikariPool-2 - Starting...
2024-07-29 09:54:23,466[INFO] com.zaxxer.hikari.pool.HikariPool [restartedMain] HikariPool-2 - Added connection com.mysql.cj.jdbc.ConnectionImpl@3ec0d6c1
2024-07-29 09:54:23,467[INFO] com.zaxxer.hikari.HikariDataSource [restartedMain] HikariPool-2 - Start completed.
2024-07-29 09:54:23,511[INFO] org.hibernate.engine.transaction.jta.platform.internal.JtaPlatformInitiator [restartedMain] HHH000489: No JTA platform available (set 'hibernate.transaction.jta.platform' to enable JTA platform integration)
2024-07-29 09:54:23,522[INFO] org.springframework.orm.jpa.LocalContainerEntityManagerFactoryBean [restartedMain] Initialized JPA EntityManagerFactory for persistence unit 'default'
2024-07-29 09:54:23,622[WARN] org.springframework.boot.autoconfigure.orm.jpa.JpaBaseConfiguration$JpaWebConfiguration [restartedMain] spring.jpa.open-in-view is enabled by default. Therefore, database queries may be performed during view rendering. Explicitly configure spring.jpa.open-in-view to disable this warning
2024-07-29 09:54:23,768[INFO] org.springframework.boot.devtools.autoconfigure.OptionalLiveReloadServer [restartedMain] LiveReload server is running on port 35729
2024-07-29 09:54:23,779[INFO] org.springframework.boot.web.embedded.tomcat.TomcatWebServer [restartedMain] Tomcat started on port 8080 (http) with context path ''
2024-07-29 09:54:23,784[INFO] com.example.petsback.PetsbackApplication [restartedMain] Started PetsbackApplication in 0.853 seconds (process running for 805.461)
2024-07-29 09:54:23,787[INFO] org.springframework.boot.devtools.autoconfigure.ConditionEvaluationDeltaLoggingListener [restartedMain] Condition evaluation unchanged
2024-07-29 09:54:25,210[INFO] org.springframework.boot.devtools.autoconfigure.LocalDevToolsAutoConfiguration$RestartingClassPathChangeChangedEventListener [File Watcher] Restarting due to 1 class path change (0 additions, 0 deletions, 1 modification)
2024-07-29 09:54:25,221[INFO] org.springframework.orm.jpa.LocalContainerEntityManagerFactoryBean [Thread-7] Closing JPA EntityManagerFactory for persistence unit 'default'
2024-07-29 09:54:25,222[INFO] com.zaxxer.hikari.HikariDataSource [Thread-7] HikariPool-2 - Shutdown initiated...
2024-07-29 09:54:25,232[INFO] com.zaxxer.hikari.HikariDataSource [Thread-7] HikariPool-2 - Shutdown completed.
2024-07-29 09:54:25,291[INFO] com.example.petsback.PetsbackApplication [restartedMain] Starting PetsbackApplication using Java 17.0.11 with PID 4892 (C:\Users\sowbu\OneDrive\Desktop\petsback\petsback\target\classes started by sowbu in C:\Users\sowbu\OneDrive\Desktop\petsback\petsback)
2024-07-29 09:54:25,292[INFO] com.example.petsback.PetsbackApplication [restartedMain] No active profile set, falling back to 1 default profile: "default"
2024-07-29 09:54:25,640[INFO] org.springframework.data.repository.config.RepositoryConfigurationDelegate [restartedMain] Bootstrapping Spring Data JPA repositories in DEFAULT mode.
2024-07-29 09:54:25,651[INFO] org.springframework.data.repository.config.RepositoryConfigurationDelegate [restartedMain] Finished Spring Data repository scanning in 9 ms. Found 1 JPA repository interface.
2024-07-29 09:54:25,758[INFO] org.springframework.boot.web.embedded.tomcat.TomcatWebServer [restartedMain] Tomcat initialized with port 8080 (http)
2024-07-29 09:54:25,759[INFO] org.apache.catalina.core.StandardService [restartedMain] Starting service [Tomcat]
2024-07-29 09:54:25,760[INFO] org.apache.catalina.core.StandardEngine [restartedMain] Starting Servlet engine: [Apache Tomcat/10.1.19]
2024-07-29 09:54:25,786[INFO] org.apache.catalina.core.ContainerBase.[Tomcat].[localhost].[/] [restartedMain] Initializing Spring embedded WebApplicationContext
2024-07-29 09:54:25,787[INFO] org.springframework.boot.web.servlet.context.ServletWebServerApplicationContext [restartedMain] Root WebApplicationContext: initialization completed in 493 ms
2024-07-29 09:54:25,817[INFO] org.hibernate.jpa.internal.util.LogHelper [restartedMain] HHH000204: Processing PersistenceUnitInfo [name: default]
2024-07-29 09:54:25,824[INFO] org.hibernate.cache.internal.RegionFactoryInitiator [restartedMain] HHH000026: Second-level cache disabled
2024-07-29 09:54:25,829[INFO] org.springframework.orm.jpa.persistenceunit.SpringPersistenceUnitInfo [restartedMain] No LoadTimeWeaver setup: ignoring JPA class transformer
2024-07-29 09:54:25,831[INFO] com.zaxxer.hikari.HikariDataSource [restartedMain] HikariPool-3 - Starting...
2024-07-29 09:54:25,851[INFO] com.zaxxer.hikari.pool.HikariPool [restartedMain] HikariPool-3 - Added connection com.mysql.cj.jdbc.ConnectionImpl@f5957fe
2024-07-29 09:54:25,852[INFO] com.zaxxer.hikari.HikariDataSource [restartedMain] HikariPool-3 - Start completed.
2024-07-29 09:54:25,880[INFO] org.hibernate.engine.transaction.jta.platform.internal.JtaPlatformInitiator [restartedMain] HHH000489: No JTA platform available (set 'hibernate.transaction.jta.platform' to enable JTA platform integration)
2024-07-29 09:54:25,888[INFO] org.springframework.orm.jpa.LocalContainerEntityManagerFactoryBean [restartedMain] Initialized JPA EntityManagerFactory for persistence unit 'default'
2024-07-29 09:54:25,894[WARN] org.springframework.boot.web.servlet.context.AnnotationConfigServletWebServerApplicationContext [restartedMain] Exception encountered during context initialization - cancelling refresh attempt: org.springframework.beans.factory.BeanCreationException: Error creating bean with name 'signUpController' defined in file [C:\Users\sowbu\OneDrive\Desktop\petsback\petsback\target\classes\com\example\petsback\controller\SignUpController.class]: Failed to instantiate [com.example.petsback.controller.SignUpController]: Constructor threw exception
2024-07-29 09:54:25,896[INFO] org.springframework.orm.jpa.LocalContainerEntityManagerFactoryBean [restartedMain] Closing JPA EntityManagerFactory for persistence unit 'default'
2024-07-29 09:54:25,897[INFO] com.zaxxer.hikari.HikariDataSource [restartedMain] HikariPool-3 - Shutdown initiated...
2024-07-29 09:54:25,899[INFO] com.zaxxer.hikari.HikariDataSource [restartedMain] HikariPool-3 - Shutdown completed.
2024-07-29 09:54:25,900[INFO] org.apache.catalina.core.StandardService [restartedMain] Stopping service [Tomcat]
2024-07-29 09:54:25,908[INFO] org.springframework.boot.autoconfigure.logging.ConditionEvaluationReportLogger [restartedMain] 

Error starting ApplicationContext. To display the condition evaluation report re-run your application with 'debug' enabled.
2024-07-29 09:54:25,937[ERROR] org.springframework.boot.SpringApplication [restartedMain] Application run failed
org.springframework.beans.factory.BeanCreationException: Error creating bean with name 'signUpController' defined in file [C:\Users\sowbu\OneDrive\Desktop\petsback\petsback\target\classes\com\example\petsback\controller\SignUpController.class]: Failed to instantiate [com.example.petsback.controller.SignUpController]: Constructor threw exception
	at org.springframework.beans.factory.support.AbstractAutowireCapableBeanFactory.instantiateBean(AbstractAutowireCapableBeanFactory.java:1317) ~[spring-beans-6.1.4.jar:6.1.4]
	at org.springframework.beans.factory.support.AbstractAutowireCapableBeanFactory.createBeanInstance(AbstractAutowireCapableBeanFactory.java:1202) ~[spring-beans-6.1.4.jar:6.1.4]
	at org.springframework.beans.factory.support.AbstractAutowireCapableBeanFactory.doCreateBean(AbstractAutowireCapableBeanFactory.java:562) ~[spring-beans-6.1.4.jar:6.1.4]
	at org.springframework.beans.factory.support.AbstractAutowireCapableBeanFactory.createBean(AbstractAutowireCapableBeanFactory.java:522) ~[spring-beans-6.1.4.jar:6.1.4]
	at org.springframework.beans.factory.support.AbstractBeanFactory.lambda$doGetBean$0(AbstractBeanFactory.java:325) ~[spring-beans-6.1.4.jar:6.1.4]
	at org.springframework.beans.factory.support.DefaultSingletonBeanRegistry.getSingleton(DefaultSingletonBeanRegistry.java:234) ~[spring-beans-6.1.4.jar:6.1.4]
	at org.springframework.beans.factory.support.AbstractBeanFactory.doGetBean(AbstractBeanFactory.java:323) ~[spring-beans-6.1.4.jar:6.1.4]
	at org.springframework.beans.factory.support.AbstractBeanFactory.getBean(AbstractBeanFactory.java:199) ~[spring-beans-6.1.4.jar:6.1.4]
	at org.springframework.beans.factory.support.DefaultListableBeanFactory.preInstantiateSingletons(DefaultListableBeanFactory.java:975) ~[spring-beans-6.1.4.jar:6.1.4]
	at org.springframework.context.support.AbstractApplicationContext.finishBeanFactoryInitialization(AbstractApplicationContext.java:959) ~[spring-context-6.1.4.jar:6.1.4]
	at org.springframework.context.support.AbstractApplicationContext.refresh(AbstractApplicationContext.java:624) ~[spring-context-6.1.4.jar:6.1.4]
	at org.springframework.boot.web.servlet.context.ServletWebServerApplicationContext.refresh(ServletWebServerApplicationContext.java:146) ~[spring-boot-3.2.3.jar:3.2.3]
	at org.springframework.boot.SpringApplication.refresh(SpringApplication.java:754) ~[spring-boot-3.2.3.jar:3.2.3]
	at org.springframework.boot.SpringApplication.refreshContext(SpringApplication.java:456) ~[spring-boot-3.2.3.jar:3.2.3]
	at org.springframework.boot.SpringApplication.run(SpringApplication.java:334) ~[spring-boot-3.2.3.jar:3.2.3]
	at org.springframework.boot.SpringApplication.run(SpringApplication.java:1354) ~[spring-boot-3.2.3.jar:3.2.3]
	at org.springframework.boot.SpringApplication.run(SpringApplication.java:1343) ~[spring-boot-3.2.3.jar:3.2.3]
	at com.example.petsback.PetsbackApplication.main(PetsbackApplication.java:10) ~[classes/:na]
	at java.base/jdk.internal.reflect.NativeMethodAccessorImpl.invoke0(Native Method) ~[na:na]
	at java.base/jdk.internal.reflect.NativeMethodAccessorImpl.invoke(Unknown Source) ~[na:na]
	at java.base/jdk.internal.reflect.DelegatingMethodAccessorImpl.invoke(Unknown Source) ~[na:na]
	at java.base/java.lang.reflect.Method.invoke(Unknown Source) ~[na:na]
	at org.springframework.boot.devtools.restart.RestartLauncher.run(RestartLauncher.java:50) ~[spring-boot-devtools-3.2.3.jar:3.2.3]
Caused by: org.springframework.beans.BeanInstantiationException: Failed to instantiate [com.example.petsback.controller.SignUpController]: Constructor threw exception
	at org.springframework.beans.BeanUtils.instantiateClass(BeanUtils.java:223) ~[spring-beans-6.1.4.jar:6.1.4]
	at org.springframework.beans.factory.support.SimpleInstantiationStrategy.instantiate(SimpleInstantiationStrategy.java:88) ~[spring-beans-6.1.4.jar:6.1.4]
	at org.springframework.beans.factory.support.AbstractAutowireCapableBeanFactory.instantiateBean(AbstractAutowireCapableBeanFactory.java:1311) ~[spring-beans-6.1.4.jar:6.1.4]
	... 22 common frames omitted
Caused by: java.lang.Error: Unresolved compilation problem: 
	Cro cannot be resolved to a type

	at com.example.petsback.controller.SignUpController.<init>(SignUpController.java:23) ~[classes/:na]
	at java.base/jdk.internal.reflect.NativeConstructorAccessorImpl.newInstance0(Native Method) ~[na:na]
	at java.base/jdk.internal.reflect.NativeConstructorAccessorImpl.newInstance(Unknown Source) ~[na:na]
	at java.base/jdk.internal.reflect.DelegatingConstructorAccessorImpl.newInstance(Unknown Source) ~[na:na]
	at java.base/java.lang.reflect.Constructor.newInstanceWithCaller(Unknown Source) ~[na:na]
	at java.base/java.lang.reflect.Constructor.newInstance(Unknown Source) ~[na:na]
	at org.springframework.beans.BeanUtils.instantiateClass(BeanUtils.java:197) ~[spring-beans-6.1.4.jar:6.1.4]
	... 24 common frames omitted
2024-07-29 09:54:27,420[INFO] com.example.petsback.PetsbackApplication [restartedMain] Starting PetsbackApplication using Java 17.0.11 with PID 4892 (C:\Users\sowbu\OneDrive\Desktop\petsback\petsback\target\classes started by sowbu in C:\Users\sowbu\OneDrive\Desktop\petsback\petsback)
2024-07-29 09:54:27,422[INFO] com.example.petsback.PetsbackApplication [restartedMain] No active profile set, falling back to 1 default profile: "default"
2024-07-29 09:54:27,726[INFO] org.springframework.data.repository.config.RepositoryConfigurationDelegate [restartedMain] Bootstrapping Spring Data JPA repositories in DEFAULT mode.
2024-07-29 09:54:27,743[INFO] org.springframework.data.repository.config.RepositoryConfigurationDelegate [restartedMain] Finished Spring Data repository scanning in 15 ms. Found 1 JPA repository interface.
2024-07-29 09:54:27,848[INFO] org.springframework.boot.web.embedded.tomcat.TomcatWebServer [restartedMain] Tomcat initialized with port 8080 (http)
2024-07-29 09:54:27,849[INFO] org.apache.catalina.core.StandardService [restartedMain] Starting service [Tomcat]
2024-07-29 09:54:27,850[INFO] org.apache.catalina.core.StandardEngine [restartedMain] Starting Servlet engine: [Apache Tomcat/10.1.19]
2024-07-29 09:54:27,876[INFO] org.apache.catalina.core.ContainerBase.[Tomcat-1].[localhost].[/] [restartedMain] Initializing Spring embedded WebApplicationContext
2024-07-29 09:54:27,877[INFO] org.springframework.boot.web.servlet.context.ServletWebServerApplicationContext [restartedMain] Root WebApplicationContext: initialization completed in 449 ms
2024-07-29 09:54:27,908[INFO] org.hibernate.jpa.internal.util.LogHelper [restartedMain] HHH000204: Processing PersistenceUnitInfo [name: default]
2024-07-29 09:54:27,910[INFO] org.hibernate.cache.internal.RegionFactoryInitiator [restartedMain] HHH000026: Second-level cache disabled
2024-07-29 09:54:27,916[INFO] org.springframework.orm.jpa.persistenceunit.SpringPersistenceUnitInfo [restartedMain] No LoadTimeWeaver setup: ignoring JPA class transformer
2024-07-29 09:54:27,918[INFO] com.zaxxer.hikari.HikariDataSource [restartedMain] HikariPool-4 - Starting...
2024-07-29 09:54:27,936[INFO] com.zaxxer.hikari.pool.HikariPool [restartedMain] HikariPool-4 - Added connection com.mysql.cj.jdbc.ConnectionImpl@8f52967
2024-07-29 09:54:27,937[INFO] com.zaxxer.hikari.HikariDataSource [restartedMain] HikariPool-4 - Start completed.
2024-07-29 09:54:27,967[INFO] org.hibernate.engine.transaction.jta.platform.internal.JtaPlatformInitiator [restartedMain] HHH000489: No JTA platform available (set 'hibernate.transaction.jta.platform' to enable JTA platform integration)
2024-07-29 09:54:27,976[INFO] org.springframework.orm.jpa.LocalContainerEntityManagerFactoryBean [restartedMain] Initialized JPA EntityManagerFactory for persistence unit 'default'
2024-07-29 09:54:28,042[WARN] org.springframework.boot.autoconfigure.orm.jpa.JpaBaseConfiguration$JpaWebConfiguration [restartedMain] spring.jpa.open-in-view is enabled by default. Therefore, database queries may be performed during view rendering. Explicitly configure spring.jpa.open-in-view to disable this warning
2024-07-29 09:54:28,130[INFO] org.springframework.boot.devtools.autoconfigure.OptionalLiveReloadServer [restartedMain] LiveReload server is running on port 35729
2024-07-29 09:54:28,143[INFO] org.springframework.boot.web.embedded.tomcat.TomcatWebServer [restartedMain] Tomcat started on port 8080 (http) with context path ''
2024-07-29 09:54:28,149[INFO] com.example.petsback.PetsbackApplication [restartedMain] Started PetsbackApplication in 0.761 seconds (process running for 809.826)
2024-07-29 09:54:28,155[INFO] org.springframework.boot.devtools.autoconfigure.ConditionEvaluationDeltaLoggingListener [restartedMain] Condition evaluation unchanged
2024-07-29 09:54:29,967[INFO] org.springframework.boot.devtools.autoconfigure.LocalDevToolsAutoConfiguration$RestartingClassPathChangeChangedEventListener [File Watcher] Restarting due to 1 class path change (0 additions, 0 deletions, 1 modification)
2024-07-29 09:54:29,977[INFO] org.springframework.orm.jpa.LocalContainerEntityManagerFactoryBean [Thread-11] Closing JPA EntityManagerFactory for persistence unit 'default'
2024-07-29 09:54:29,979[INFO] com.zaxxer.hikari.HikariDataSource [Thread-11] HikariPool-4 - Shutdown initiated...
2024-07-29 09:54:29,989[INFO] com.zaxxer.hikari.HikariDataSource [Thread-11] HikariPool-4 - Shutdown completed.
2024-07-29 09:54:30,050[INFO] com.example.petsback.PetsbackApplication [restartedMain] Starting PetsbackApplication using Java 17.0.11 with PID 4892 (C:\Users\sowbu\OneDrive\Desktop\petsback\petsback\target\classes started by sowbu in C:\Users\sowbu\OneDrive\Desktop\petsback\petsback)
2024-07-29 09:54:30,052[INFO] com.example.petsback.PetsbackApplication [restartedMain] No active profile set, falling back to 1 default profile: "default"
2024-07-29 09:54:30,236[INFO] org.springframework.data.repository.config.RepositoryConfigurationDelegate [restartedMain] Bootstrapping Spring Data JPA repositories in DEFAULT mode.
2024-07-29 09:54:30,244[INFO] org.springframework.data.repository.config.RepositoryConfigurationDelegate [restartedMain] Finished Spring Data repository scanning in 7 ms. Found 1 JPA repository interface.
2024-07-29 09:54:30,333[INFO] org.springframework.boot.web.embedded.tomcat.TomcatWebServer [restartedMain] Tomcat initialized with port 8080 (http)
2024-07-29 09:54:30,336[INFO] org.apache.catalina.core.StandardService [restartedMain] Starting service [Tomcat]
2024-07-29 09:54:30,337[INFO] org.apache.catalina.core.StandardEngine [restartedMain] Starting Servlet engine: [Apache Tomcat/10.1.19]
2024-07-29 09:54:30,364[INFO] org.apache.catalina.core.ContainerBase.[Tomcat-1].[localhost].[/] [restartedMain] Initializing Spring embedded WebApplicationContext
2024-07-29 09:54:30,369[INFO] org.springframework.boot.web.servlet.context.ServletWebServerApplicationContext [restartedMain] Root WebApplicationContext: initialization completed in 313 ms
2024-07-29 09:54:30,408[INFO] org.hibernate.jpa.internal.util.LogHelper [restartedMain] HHH000204: Processing PersistenceUnitInfo [name: default]
2024-07-29 09:54:30,410[INFO] org.hibernate.cache.internal.RegionFactoryInitiator [restartedMain] HHH000026: Second-level cache disabled
2024-07-29 09:54:30,417[INFO] org.springframework.orm.jpa.persistenceunit.SpringPersistenceUnitInfo [restartedMain] No LoadTimeWeaver setup: ignoring JPA class transformer
2024-07-29 09:54:30,420[INFO] com.zaxxer.hikari.HikariDataSource [restartedMain] HikariPool-5 - Starting...
2024-07-29 09:54:30,438[INFO] com.zaxxer.hikari.pool.HikariPool [restartedMain] HikariPool-5 - Added connection com.mysql.cj.jdbc.ConnectionImpl@24a2298b
2024-07-29 09:54:30,439[INFO] com.zaxxer.hikari.HikariDataSource [restartedMain] HikariPool-5 - Start completed.
2024-07-29 09:54:30,469[INFO] org.hibernate.engine.transaction.jta.platform.internal.JtaPlatformInitiator [restartedMain] HHH000489: No JTA platform available (set 'hibernate.transaction.jta.platform' to enable JTA platform integration)
2024-07-29 09:54:30,476[INFO] org.springframework.orm.jpa.LocalContainerEntityManagerFactoryBean [restartedMain] Initialized JPA EntityManagerFactory for persistence unit 'default'
2024-07-29 09:54:30,543[WARN] org.springframework.boot.autoconfigure.orm.jpa.JpaBaseConfiguration$JpaWebConfiguration [restartedMain] spring.jpa.open-in-view is enabled by default. Therefore, database queries may be performed during view rendering. Explicitly configure spring.jpa.open-in-view to disable this warning
2024-07-29 09:54:30,642[INFO] org.springframework.boot.devtools.autoconfigure.OptionalLiveReloadServer [restartedMain] LiveReload server is running on port 35729
2024-07-29 09:54:30,650[INFO] org.springframework.boot.web.embedded.tomcat.TomcatWebServer [restartedMain] Tomcat started on port 8080 (http) with context path ''
2024-07-29 09:54:30,654[INFO] com.example.petsback.PetsbackApplication [restartedMain] Started PetsbackApplication in 0.627 seconds (process running for 812.33)
2024-07-29 09:54:30,656[INFO] org.springframework.boot.devtools.autoconfigure.ConditionEvaluationDeltaLoggingListener [restartedMain] Condition evaluation unchanged
2024-07-29 09:54:41,263[INFO] org.springframework.boot.devtools.autoconfigure.LocalDevToolsAutoConfiguration$RestartingClassPathChangeChangedEventListener [File Watcher] Restarting due to 1 class path change (0 additions, 0 deletions, 1 modification)
2024-07-29 09:54:41,291[INFO] org.springframework.orm.jpa.LocalContainerEntityManagerFactoryBean [Thread-18] Closing JPA EntityManagerFactory for persistence unit 'default'
2024-07-29 09:54:41,293[INFO] com.zaxxer.hikari.HikariDataSource [Thread-18] HikariPool-5 - Shutdown initiated...
2024-07-29 09:54:41,302[INFO] com.zaxxer.hikari.HikariDataSource [Thread-18] HikariPool-5 - Shutdown completed.
2024-07-29 09:54:41,367[INFO] com.example.petsback.PetsbackApplication [restartedMain] Starting PetsbackApplication using Java 17.0.11 with PID 4892 (C:\Users\sowbu\OneDrive\Desktop\petsback\petsback\target\classes started by sowbu in C:\Users\sowbu\OneDrive\Desktop\petsback\petsback)
2024-07-29 09:54:41,368[INFO] com.example.petsback.PetsbackApplication [restartedMain] No active profile set, falling back to 1 default profile: "default"
2024-07-29 09:54:41,539[INFO] org.springframework.data.repository.config.RepositoryConfigurationDelegate [restartedMain] Bootstrapping Spring Data JPA repositories in DEFAULT mode.
2024-07-29 09:54:41,555[INFO] org.springframework.data.repository.config.RepositoryConfigurationDelegate [restartedMain] Finished Spring Data repository scanning in 14 ms. Found 1 JPA repository interface.
2024-07-29 09:54:41,707[INFO] org.springframework.boot.web.embedded.tomcat.TomcatWebServer [restartedMain] Tomcat initialized with port 8080 (http)
2024-07-29 09:54:41,709[INFO] org.apache.catalina.core.StandardService [restartedMain] Starting service [Tomcat]
2024-07-29 09:54:41,709[INFO] org.apache.catalina.core.StandardEngine [restartedMain] Starting Servlet engine: [Apache Tomcat/10.1.19]
2024-07-29 09:54:41,731[INFO] org.apache.catalina.core.ContainerBase.[Tomcat-1].[localhost].[/] [restartedMain] Initializing Spring embedded WebApplicationContext
2024-07-29 09:54:41,732[INFO] org.springframework.boot.web.servlet.context.ServletWebServerApplicationContext [restartedMain] Root WebApplicationContext: initialization completed in 362 ms
2024-07-29 09:54:41,761[INFO] org.hibernate.jpa.internal.util.LogHelper [restartedMain] HHH000204: Processing PersistenceUnitInfo [name: default]
2024-07-29 09:54:41,766[INFO] org.hibernate.cache.internal.RegionFactoryInitiator [restartedMain] HHH000026: Second-level cache disabled
2024-07-29 09:54:41,772[INFO] org.springframework.orm.jpa.persistenceunit.SpringPersistenceUnitInfo [restartedMain] No LoadTimeWeaver setup: ignoring JPA class transformer
2024-07-29 09:54:41,773[INFO] com.zaxxer.hikari.HikariDataSource [restartedMain] HikariPool-6 - Starting...
2024-07-29 09:54:41,788[INFO] com.zaxxer.hikari.pool.HikariPool [restartedMain] HikariPool-6 - Added connection com.mysql.cj.jdbc.ConnectionImpl@2e21ad9b
2024-07-29 09:54:41,789[INFO] com.zaxxer.hikari.HikariDataSource [restartedMain] HikariPool-6 - Start completed.
2024-07-29 09:54:41,824[INFO] org.hibernate.engine.transaction.jta.platform.internal.JtaPlatformInitiator [restartedMain] HHH000489: No JTA platform available (set 'hibernate.transaction.jta.platform' to enable JTA platform integration)
2024-07-29 09:54:41,829[INFO] org.springframework.orm.jpa.LocalContainerEntityManagerFactoryBean [restartedMain] Initialized JPA EntityManagerFactory for persistence unit 'default'
2024-07-29 09:54:41,883[WARN] org.springframework.boot.autoconfigure.orm.jpa.JpaBaseConfiguration$JpaWebConfiguration [restartedMain] spring.jpa.open-in-view is enabled by default. Therefore, database queries may be performed during view rendering. Explicitly configure spring.jpa.open-in-view to disable this warning
2024-07-29 09:54:41,956[INFO] org.springframework.boot.devtools.autoconfigure.OptionalLiveReloadServer [restartedMain] LiveReload server is running on port 35729
2024-07-29 09:54:41,966[INFO] org.springframework.boot.web.embedded.tomcat.TomcatWebServer [restartedMain] Tomcat started on port 8080 (http) with context path ''
2024-07-29 09:54:41,969[INFO] com.example.petsback.PetsbackApplication [restartedMain] Started PetsbackApplication in 0.625 seconds (process running for 823.646)
2024-07-29 09:54:41,971[INFO] org.springframework.boot.devtools.autoconfigure.ConditionEvaluationDeltaLoggingListener [restartedMain] Condition evaluation unchanged
2024-07-29 09:54:43,398[INFO] org.springframework.boot.devtools.autoconfigure.LocalDevToolsAutoConfiguration$RestartingClassPathChangeChangedEventListener [File Watcher] Restarting due to 1 class path change (0 additions, 0 deletions, 1 modification)
2024-07-29 09:54:43,406[INFO] org.springframework.orm.jpa.LocalContainerEntityManagerFactoryBean [Thread-22] Closing JPA EntityManagerFactory for persistence unit 'default'
2024-07-29 09:54:43,407[INFO] com.zaxxer.hikari.HikariDataSource [Thread-22] HikariPool-6 - Shutdown initiated...
2024-07-29 09:54:43,418[INFO] com.zaxxer.hikari.HikariDataSource [Thread-22] HikariPool-6 - Shutdown completed.
2024-07-29 09:54:43,499[INFO] com.example.petsback.PetsbackApplication [restartedMain] Starting PetsbackApplication using Java 17.0.11 with PID 4892 (C:\Users\sowbu\OneDrive\Desktop\petsback\petsback\target\classes started by sowbu in C:\Users\sowbu\OneDrive\Desktop\petsback\petsback)
2024-07-29 09:54:43,500[INFO] com.example.petsback.PetsbackApplication [restartedMain] No active profile set, falling back to 1 default profile: "default"
2024-07-29 09:54:43,671[INFO] org.springframework.data.repository.config.RepositoryConfigurationDelegate [restartedMain] Bootstrapping Spring Data JPA repositories in DEFAULT mode.
2024-07-29 09:54:43,678[INFO] org.springframework.data.repository.config.RepositoryConfigurationDelegate [restartedMain] Finished Spring Data repository scanning in 6 ms. Found 1 JPA repository interface.
2024-07-29 09:54:43,750[INFO] org.springframework.boot.web.embedded.tomcat.TomcatWebServer [restartedMain] Tomcat initialized with port 8080 (http)
2024-07-29 09:54:43,752[INFO] org.apache.catalina.core.StandardService [restartedMain] Starting service [Tomcat]
2024-07-29 09:54:43,752[INFO] org.apache.catalina.core.StandardEngine [restartedMain] Starting Servlet engine: [Apache Tomcat/10.1.19]
2024-07-29 09:54:43,771[INFO] org.apache.catalina.core.ContainerBase.[Tomcat-1].[localhost].[/] [restartedMain] Initializing Spring embedded WebApplicationContext
2024-07-29 09:54:43,772[INFO] org.springframework.boot.web.servlet.context.ServletWebServerApplicationContext [restartedMain] Root WebApplicationContext: initialization completed in 271 ms
2024-07-29 09:54:43,807[INFO] org.hibernate.jpa.internal.util.LogHelper [restartedMain] HHH000204: Processing PersistenceUnitInfo [name: default]
2024-07-29 09:54:43,810[INFO] org.hibernate.cache.internal.RegionFactoryInitiator [restartedMain] HHH000026: Second-level cache disabled
2024-07-29 09:54:43,817[INFO] org.springframework.orm.jpa.persistenceunit.SpringPersistenceUnitInfo [restartedMain] No LoadTimeWeaver setup: ignoring JPA class transformer
2024-07-29 09:54:43,820[INFO] com.zaxxer.hikari.HikariDataSource [restartedMain] HikariPool-7 - Starting...
2024-07-29 09:54:43,836[INFO] com.zaxxer.hikari.pool.HikariPool [restartedMain] HikariPool-7 - Added connection com.mysql.cj.jdbc.ConnectionImpl@868269c
2024-07-29 09:54:43,837[INFO] com.zaxxer.hikari.HikariDataSource [restartedMain] HikariPool-7 - Start completed.
2024-07-29 09:54:43,880[INFO] org.hibernate.engine.transaction.jta.platform.internal.JtaPlatformInitiator [restartedMain] HHH000489: No JTA platform available (set 'hibernate.transaction.jta.platform' to enable JTA platform integration)
2024-07-29 09:54:43,890[INFO] org.springframework.orm.jpa.LocalContainerEntityManagerFactoryBean [restartedMain] Initialized JPA EntityManagerFactory for persistence unit 'default'
2024-07-29 09:54:43,971[WARN] org.springframework.boot.autoconfigure.orm.jpa.JpaBaseConfiguration$JpaWebConfiguration [restartedMain] spring.jpa.open-in-view is enabled by default. Therefore, database queries may be performed during view rendering. Explicitly configure spring.jpa.open-in-view to disable this warning
2024-07-29 09:54:44,061[INFO] org.springframework.boot.devtools.autoconfigure.OptionalLiveReloadServer [restartedMain] LiveReload server is running on port 35729
2024-07-29 09:54:44,069[INFO] org.springframework.boot.web.embedded.tomcat.TomcatWebServer [restartedMain] Tomcat started on port 8080 (http) with context path ''
2024-07-29 09:54:44,073[INFO] com.example.petsback.PetsbackApplication [restartedMain] Started PetsbackApplication in 0.6 seconds (process running for 825.75)
2024-07-29 09:54:44,075[INFO] org.springframework.boot.devtools.autoconfigure.ConditionEvaluationDeltaLoggingListener [restartedMain] Condition evaluation unchanged
2024-07-29 09:55:34,482[INFO] org.springframework.boot.devtools.autoconfigure.LocalDevToolsAutoConfiguration$RestartingClassPathChangeChangedEventListener [File Watcher] Restarting due to 1 class path change (0 additions, 0 deletions, 1 modification)
2024-07-29 09:55:34,502[INFO] org.springframework.orm.jpa.LocalContainerEntityManagerFactoryBean [Thread-26] Closing JPA EntityManagerFactory for persistence unit 'default'
2024-07-29 09:55:34,505[INFO] com.zaxxer.hikari.HikariDataSource [Thread-26] HikariPool-7 - Shutdown initiated...
2024-07-29 09:55:34,517[INFO] com.zaxxer.hikari.HikariDataSource [Thread-26] HikariPool-7 - Shutdown completed.
2024-07-29 09:55:34,659[INFO] com.example.petsback.PetsbackApplication [restartedMain] Starting PetsbackApplication using Java 17.0.11 with PID 4892 (C:\Users\sowbu\OneDrive\Desktop\petsback\petsback\target\classes started by sowbu in C:\Users\sowbu\OneDrive\Desktop\petsback\petsback)
2024-07-29 09:55:34,660[INFO] com.example.petsback.PetsbackApplication [restartedMain] No active profile set, falling back to 1 default profile: "default"
2024-07-29 09:55:34,890[INFO] org.springframework.data.repository.config.RepositoryConfigurationDelegate [restartedMain] Bootstrapping Spring Data JPA repositories in DEFAULT mode.
2024-07-29 09:55:34,898[INFO] org.springframework.data.repository.config.RepositoryConfigurationDelegate [restartedMain] Finished Spring Data repository scanning in 7 ms. Found 1 JPA repository interface.
2024-07-29 09:55:34,956[INFO] org.springframework.boot.web.embedded.tomcat.TomcatWebServer [restartedMain] Tomcat initialized with port 8080 (http)
2024-07-29 09:55:34,958[INFO] org.apache.catalina.core.StandardService [restartedMain] Starting service [Tomcat]
2024-07-29 09:55:34,958[INFO] org.apache.catalina.core.StandardEngine [restartedMain] Starting Servlet engine: [Apache Tomcat/10.1.19]
2024-07-29 09:55:34,977[INFO] org.apache.catalina.core.ContainerBase.[Tomcat-1].[localhost].[/] [restartedMain] Initializing Spring embedded WebApplicationContext
2024-07-29 09:55:34,978[INFO] org.springframework.boot.web.servlet.context.ServletWebServerApplicationContext [restartedMain] Root WebApplicationContext: initialization completed in 312 ms
2024-07-29 09:55:35,005[INFO] org.hibernate.jpa.internal.util.LogHelper [restartedMain] HHH000204: Processing PersistenceUnitInfo [name: default]
2024-07-29 09:55:35,007[INFO] org.hibernate.cache.internal.RegionFactoryInitiator [restartedMain] HHH000026: Second-level cache disabled
2024-07-29 09:55:35,012[INFO] org.springframework.orm.jpa.persistenceunit.SpringPersistenceUnitInfo [restartedMain] No LoadTimeWeaver setup: ignoring JPA class transformer
2024-07-29 09:55:35,015[INFO] com.zaxxer.hikari.HikariDataSource [restartedMain] HikariPool-8 - Starting...
2024-07-29 09:55:35,032[INFO] com.zaxxer.hikari.pool.HikariPool [restartedMain] HikariPool-8 - Added connection com.mysql.cj.jdbc.ConnectionImpl@445618a4
2024-07-29 09:55:35,032[INFO] com.zaxxer.hikari.HikariDataSource [restartedMain] HikariPool-8 - Start completed.
2024-07-29 09:55:35,066[INFO] org.hibernate.engine.transaction.jta.platform.internal.JtaPlatformInitiator [restartedMain] HHH000489: No JTA platform available (set 'hibernate.transaction.jta.platform' to enable JTA platform integration)
2024-07-29 09:55:35,073[INFO] org.springframework.orm.jpa.LocalContainerEntityManagerFactoryBean [restartedMain] Initialized JPA EntityManagerFactory for persistence unit 'default'
2024-07-29 09:55:35,142[WARN] org.springframework.boot.autoconfigure.orm.jpa.JpaBaseConfiguration$JpaWebConfiguration [restartedMain] spring.jpa.open-in-view is enabled by default. Therefore, database queries may be performed during view rendering. Explicitly configure spring.jpa.open-in-view to disable this warning
2024-07-29 09:55:35,223[INFO] org.springframework.boot.devtools.autoconfigure.OptionalLiveReloadServer [restartedMain] LiveReload server is running on port 35729
2024-07-29 09:55:35,231[INFO] org.springframework.boot.web.embedded.tomcat.TomcatWebServer [restartedMain] Tomcat started on port 8080 (http) with context path ''
2024-07-29 09:55:35,235[INFO] com.example.petsback.PetsbackApplication [restartedMain] Started PetsbackApplication in 0.619 seconds (process running for 876.912)
2024-07-29 09:55:35,237[INFO] org.springframework.boot.devtools.autoconfigure.ConditionEvaluationDeltaLoggingListener [restartedMain] Condition evaluation unchanged
2024-07-29 09:58:53,079[INFO] com.example.petsback.PetsbackApplication [restartedMain] Starting PetsbackApplication using Java 17.0.11 with PID 18264 (C:\Users\sowbu\OneDrive\Desktop\petsback\petsback\target\classes started by sowbu in C:\Users\sowbu\OneDrive\Desktop\petsback\petsback)
2024-07-29 09:58:53,084[INFO] com.example.petsback.PetsbackApplication [restartedMain] No active profile set, falling back to 1 default profile: "default"
2024-07-29 09:58:53,201[INFO] org.springframework.boot.devtools.env.DevToolsPropertyDefaultsPostProcessor [restartedMain] Devtools property defaults active! Set 'spring.devtools.add-properties' to 'false' to disable
2024-07-29 09:58:53,202[INFO] org.springframework.boot.devtools.env.DevToolsPropertyDefaultsPostProcessor [restartedMain] For additional web related logging consider setting the 'logging.level.web' property to 'DEBUG'
2024-07-29 09:58:54,406[INFO] org.springframework.data.repository.config.RepositoryConfigurationDelegate [restartedMain] Bootstrapping Spring Data JPA repositories in DEFAULT mode.
2024-07-29 09:58:54,492[INFO] org.springframework.data.repository.config.RepositoryConfigurationDelegate [restartedMain] Finished Spring Data repository scanning in 73 ms. Found 1 JPA repository interface.
2024-07-29 09:58:55,612[INFO] org.springframework.boot.web.embedded.tomcat.TomcatWebServer [restartedMain] Tomcat initialized with port 8080 (http)
2024-07-29 09:58:55,637[INFO] org.apache.catalina.core.StandardService [restartedMain] Starting service [Tomcat]
2024-07-29 09:58:55,639[INFO] org.apache.catalina.core.StandardEngine [restartedMain] Starting Servlet engine: [Apache Tomcat/10.1.19]
2024-07-29 09:58:55,770[INFO] org.apache.catalina.core.ContainerBase.[Tomcat].[localhost].[/] [restartedMain] Initializing Spring embedded WebApplicationContext
2024-07-29 09:58:55,771[INFO] org.springframework.boot.web.servlet.context.ServletWebServerApplicationContext [restartedMain] Root WebApplicationContext: initialization completed in 2564 ms
2024-07-29 09:58:56,074[INFO] org.hibernate.jpa.internal.util.LogHelper [restartedMain] HHH000204: Processing PersistenceUnitInfo [name: default]
2024-07-29 09:58:56,189[INFO] org.hibernate.Version [restartedMain] HHH000412: Hibernate ORM core version 6.4.4.Final
2024-07-29 09:58:56,283[INFO] org.hibernate.cache.internal.RegionFactoryInitiator [restartedMain] HHH000026: Second-level cache disabled
2024-07-29 09:58:56,606[INFO] org.springframework.orm.jpa.persistenceunit.SpringPersistenceUnitInfo [restartedMain] No LoadTimeWeaver setup: ignoring JPA class transformer
2024-07-29 09:58:56,638[INFO] com.zaxxer.hikari.HikariDataSource [restartedMain] HikariPool-1 - Starting...
2024-07-29 09:58:57,117[INFO] com.zaxxer.hikari.pool.HikariPool [restartedMain] HikariPool-1 - Added connection com.mysql.cj.jdbc.ConnectionImpl@7ae898f8
2024-07-29 09:58:57,119[INFO] com.zaxxer.hikari.HikariDataSource [restartedMain] HikariPool-1 - Start completed.
2024-07-29 09:58:58,201[INFO] org.hibernate.engine.transaction.jta.platform.internal.JtaPlatformInitiator [restartedMain] HHH000489: No JTA platform available (set 'hibernate.transaction.jta.platform' to enable JTA platform integration)
2024-07-29 09:58:58,271[INFO] org.springframework.orm.jpa.LocalContainerEntityManagerFactoryBean [restartedMain] Initialized JPA EntityManagerFactory for persistence unit 'default'
2024-07-29 09:58:59,098[WARN] org.springframework.boot.autoconfigure.orm.jpa.JpaBaseConfiguration$JpaWebConfiguration [restartedMain] spring.jpa.open-in-view is enabled by default. Therefore, database queries may be performed during view rendering. Explicitly configure spring.jpa.open-in-view to disable this warning
2024-07-29 09:59:00,076[INFO] org.springframework.boot.devtools.autoconfigure.OptionalLiveReloadServer [restartedMain] LiveReload server is running on port 35729
2024-07-29 09:59:00,155[INFO] org.springframework.boot.web.embedded.tomcat.TomcatWebServer [restartedMain] Tomcat started on port 8080 (http) with context path ''
2024-07-29 09:59:00,171[INFO] com.example.petsback.PetsbackApplication [restartedMain] Started PetsbackApplication in 7.717 seconds (process running for 8.264)
2024-07-29 11:05:20,003[INFO] org.springframework.boot.devtools.autoconfigure.LocalDevToolsAutoConfiguration$RestartingClassPathChangeChangedEventListener [File Watcher] Restarting due to 1 class path change (0 additions, 0 deletions, 1 modification)
2024-07-29 11:05:20,038[INFO] org.springframework.orm.jpa.LocalContainerEntityManagerFactoryBean [Thread-5] Closing JPA EntityManagerFactory for persistence unit 'default'
2024-07-29 11:05:20,056[INFO] com.zaxxer.hikari.HikariDataSource [Thread-5] HikariPool-1 - Shutdown initiated...
2024-07-29 11:05:20,072[INFO] com.zaxxer.hikari.HikariDataSource [Thread-5] HikariPool-1 - Shutdown completed.
2024-07-29 11:05:20,289[INFO] com.example.petsback.PetsbackApplication [restartedMain] Starting PetsbackApplication using Java 17.0.11 with PID 18264 (C:\Users\sowbu\OneDrive\Desktop\petsback\petsback\target\classes started by sowbu in C:\Users\sowbu\OneDrive\Desktop\petsback\petsback)
2024-07-29 11:05:20,293[INFO] com.example.petsback.PetsbackApplication [restartedMain] No active profile set, falling back to 1 default profile: "default"
2024-07-29 11:05:20,887[INFO] org.springframework.data.repository.config.RepositoryConfigurationDelegate [restartedMain] Bootstrapping Spring Data JPA repositories in DEFAULT mode.
2024-07-29 11:05:20,899[INFO] org.springframework.data.repository.config.RepositoryConfigurationDelegate [restartedMain] Finished Spring Data repository scanning in 10 ms. Found 1 JPA repository interface.
2024-07-29 11:05:21,042[INFO] org.springframework.boot.web.embedded.tomcat.TomcatWebServer [restartedMain] Tomcat initialized with port 8080 (http)
2024-07-29 11:05:21,043[INFO] org.apache.catalina.core.StandardService [restartedMain] Starting service [Tomcat]
2024-07-29 11:05:21,044[INFO] org.apache.catalina.core.StandardEngine [restartedMain] Starting Servlet engine: [Apache Tomcat/10.1.19]
2024-07-29 11:05:21,060[INFO] org.apache.catalina.core.ContainerBase.[Tomcat].[localhost].[/] [restartedMain] Initializing Spring embedded WebApplicationContext
2024-07-29 11:05:21,065[INFO] org.springframework.boot.web.servlet.context.ServletWebServerApplicationContext [restartedMain] Root WebApplicationContext: initialization completed in 760 ms
2024-07-29 11:05:21,110[INFO] org.hibernate.jpa.internal.util.LogHelper [restartedMain] HHH000204: Processing PersistenceUnitInfo [name: default]
2024-07-29 11:05:21,116[INFO] org.hibernate.cache.internal.RegionFactoryInitiator [restartedMain] HHH000026: Second-level cache disabled
2024-07-29 11:05:21,123[INFO] org.springframework.orm.jpa.persistenceunit.SpringPersistenceUnitInfo [restartedMain] No LoadTimeWeaver setup: ignoring JPA class transformer
2024-07-29 11:05:21,126[INFO] com.zaxxer.hikari.HikariDataSource [restartedMain] HikariPool-2 - Starting...
2024-07-29 11:05:21,146[INFO] com.zaxxer.hikari.pool.HikariPool [restartedMain] HikariPool-2 - Added connection com.mysql.cj.jdbc.ConnectionImpl@3b8a9207
2024-07-29 11:05:21,148[INFO] com.zaxxer.hikari.HikariDataSource [restartedMain] HikariPool-2 - Start completed.
2024-07-29 11:05:21,189[INFO] org.hibernate.engine.transaction.jta.platform.internal.JtaPlatformInitiator [restartedMain] HHH000489: No JTA platform available (set 'hibernate.transaction.jta.platform' to enable JTA platform integration)
2024-07-29 11:05:21,202[INFO] org.springframework.orm.jpa.LocalContainerEntityManagerFactoryBean [restartedMain] Initialized JPA EntityManagerFactory for persistence unit 'default'
2024-07-29 11:05:21,291[WARN] org.springframework.boot.autoconfigure.orm.jpa.JpaBaseConfiguration$JpaWebConfiguration [restartedMain] spring.jpa.open-in-view is enabled by default. Therefore, database queries may be performed during view rendering. Explicitly configure spring.jpa.open-in-view to disable this warning
2024-07-29 11:05:21,437[INFO] org.springframework.boot.devtools.autoconfigure.OptionalLiveReloadServer [restartedMain] LiveReload server is running on port 35729
2024-07-29 11:05:21,450[INFO] org.springframework.boot.web.embedded.tomcat.TomcatWebServer [restartedMain] Tomcat started on port 8080 (http) with context path ''
2024-07-29 11:05:21,459[INFO] com.example.petsback.PetsbackApplication [restartedMain] Started PetsbackApplication in 1.23 seconds (process running for 3989.552)
2024-07-29 11:05:21,467[INFO] org.springframework.boot.devtools.autoconfigure.ConditionEvaluationDeltaLoggingListener [restartedMain] Condition evaluation unchanged
2024-07-29 11:05:22,871[INFO] org.springframework.boot.devtools.autoconfigure.LocalDevToolsAutoConfiguration$RestartingClassPathChangeChangedEventListener [File Watcher] Restarting due to 1 class path change (0 additions, 0 deletions, 1 modification)
2024-07-29 11:05:22,885[INFO] org.springframework.orm.jpa.LocalContainerEntityManagerFactoryBean [Thread-7] Closing JPA EntityManagerFactory for persistence unit 'default'
2024-07-29 11:05:22,889[INFO] com.zaxxer.hikari.HikariDataSource [Thread-7] HikariPool-2 - Shutdown initiated...
2024-07-29 11:05:22,904[INFO] com.zaxxer.hikari.HikariDataSource [Thread-7] HikariPool-2 - Shutdown completed.
2024-07-29 11:05:23,027[INFO] com.example.petsback.PetsbackApplication [restartedMain] Starting PetsbackApplication using Java 17.0.11 with PID 18264 (C:\Users\sowbu\OneDrive\Desktop\petsback\petsback\target\classes started by sowbu in C:\Users\sowbu\OneDrive\Desktop\petsback\petsback)
2024-07-29 11:05:23,034[INFO] com.example.petsback.PetsbackApplication [restartedMain] No active profile set, falling back to 1 default profile: "default"
2024-07-29 11:05:23,253[INFO] org.springframework.data.repository.config.RepositoryConfigurationDelegate [restartedMain] Bootstrapping Spring Data JPA repositories in DEFAULT mode.
2024-07-29 11:05:23,264[INFO] org.springframework.data.repository.config.RepositoryConfigurationDelegate [restartedMain] Finished Spring Data repository scanning in 9 ms. Found 1 JPA repository interface.
2024-07-29 11:05:23,358[INFO] org.springframework.boot.web.embedded.tomcat.TomcatWebServer [restartedMain] Tomcat initialized with port 8080 (http)
2024-07-29 11:05:23,360[INFO] org.apache.catalina.core.StandardService [restartedMain] Starting service [Tomcat]
2024-07-29 11:05:23,361[INFO] org.apache.catalina.core.StandardEngine [restartedMain] Starting Servlet engine: [Apache Tomcat/10.1.19]
2024-07-29 11:05:23,377[INFO] org.apache.catalina.core.ContainerBase.[Tomcat].[localhost].[/] [restartedMain] Initializing Spring embedded WebApplicationContext
2024-07-29 11:05:23,380[INFO] org.springframework.boot.web.servlet.context.ServletWebServerApplicationContext [restartedMain] Root WebApplicationContext: initialization completed in 341 ms
2024-07-29 11:05:23,418[INFO] org.hibernate.jpa.internal.util.LogHelper [restartedMain] HHH000204: Processing PersistenceUnitInfo [name: default]
2024-07-29 11:05:23,423[INFO] org.hibernate.cache.internal.RegionFactoryInitiator [restartedMain] HHH000026: Second-level cache disabled
2024-07-29 11:05:23,434[INFO] org.springframework.orm.jpa.persistenceunit.SpringPersistenceUnitInfo [restartedMain] No LoadTimeWeaver setup: ignoring JPA class transformer
2024-07-29 11:05:23,437[INFO] com.zaxxer.hikari.HikariDataSource [restartedMain] HikariPool-3 - Starting...
2024-07-29 11:05:23,458[INFO] com.zaxxer.hikari.pool.HikariPool [restartedMain] HikariPool-3 - Added connection com.mysql.cj.jdbc.ConnectionImpl@6c09c1f1
2024-07-29 11:05:23,459[INFO] com.zaxxer.hikari.HikariDataSource [restartedMain] HikariPool-3 - Start completed.
2024-07-29 11:05:23,546[INFO] org.hibernate.engine.transaction.jta.platform.internal.JtaPlatformInitiator [restartedMain] HHH000489: No JTA platform available (set 'hibernate.transaction.jta.platform' to enable JTA platform integration)
2024-07-29 11:05:23,555[INFO] org.springframework.orm.jpa.LocalContainerEntityManagerFactoryBean [restartedMain] Initialized JPA EntityManagerFactory for persistence unit 'default'
2024-07-29 11:05:23,660[WARN] org.springframework.boot.autoconfigure.orm.jpa.JpaBaseConfiguration$JpaWebConfiguration [restartedMain] spring.jpa.open-in-view is enabled by default. Therefore, database queries may be performed during view rendering. Explicitly configure spring.jpa.open-in-view to disable this warning
2024-07-29 11:05:23,769[INFO] org.springframework.boot.devtools.autoconfigure.OptionalLiveReloadServer [restartedMain] LiveReload server is running on port 35729
2024-07-29 11:05:23,780[INFO] org.springframework.boot.web.embedded.tomcat.TomcatWebServer [restartedMain] Tomcat started on port 8080 (http) with context path ''
2024-07-29 11:05:23,785[INFO] com.example.petsback.PetsbackApplication [restartedMain] Started PetsbackApplication in 0.825 seconds (process running for 3991.877)
2024-07-29 11:05:23,787[INFO] org.springframework.boot.devtools.autoconfigure.ConditionEvaluationDeltaLoggingListener [restartedMain] Condition evaluation unchanged
2024-07-29 11:06:41,686[INFO] com.example.petsback.PetsbackApplication [restartedMain] Starting PetsbackApplication using Java 17.0.11 with PID 23148 (C:\Users\sowbu\OneDrive\Desktop\petsback\petsback\target\classes started by sowbu in C:\Users\sowbu\OneDrive\Desktop\petsback\petsback)
2024-07-29 11:06:41,689[INFO] com.example.petsback.PetsbackApplication [restartedMain] No active profile set, falling back to 1 default profile: "default"
2024-07-29 11:06:41,790[INFO] org.springframework.boot.devtools.env.DevToolsPropertyDefaultsPostProcessor [restartedMain] Devtools property defaults active! Set 'spring.devtools.add-properties' to 'false' to disable
2024-07-29 11:06:41,792[INFO] org.springframework.boot.devtools.env.DevToolsPropertyDefaultsPostProcessor [restartedMain] For additional web related logging consider setting the 'logging.level.web' property to 'DEBUG'
2024-07-29 11:06:42,816[INFO] org.springframework.data.repository.config.RepositoryConfigurationDelegate [restartedMain] Bootstrapping Spring Data JPA repositories in DEFAULT mode.
2024-07-29 11:06:42,885[INFO] org.springframework.data.repository.config.RepositoryConfigurationDelegate [restartedMain] Finished Spring Data repository scanning in 61 ms. Found 1 JPA repository interface.
2024-07-29 11:06:43,749[INFO] org.springframework.boot.web.embedded.tomcat.TomcatWebServer [restartedMain] Tomcat initialized with port 8080 (http)
2024-07-29 11:06:43,772[INFO] org.apache.catalina.core.StandardService [restartedMain] Starting service [Tomcat]
2024-07-29 11:06:43,773[INFO] org.apache.catalina.core.StandardEngine [restartedMain] Starting Servlet engine: [Apache Tomcat/10.1.19]
2024-07-29 11:06:43,869[INFO] org.apache.catalina.core.ContainerBase.[Tomcat].[localhost].[/] [restartedMain] Initializing Spring embedded WebApplicationContext
2024-07-29 11:06:43,870[INFO] org.springframework.boot.web.servlet.context.ServletWebServerApplicationContext [restartedMain] Root WebApplicationContext: initialization completed in 2075 ms
2024-07-29 11:06:44,069[INFO] org.hibernate.jpa.internal.util.LogHelper [restartedMain] HHH000204: Processing PersistenceUnitInfo [name: default]
2024-07-29 11:06:44,151[INFO] org.hibernate.Version [restartedMain] HHH000412: Hibernate ORM core version 6.4.4.Final
2024-07-29 11:06:44,203[INFO] org.hibernate.cache.internal.RegionFactoryInitiator [restartedMain] HHH000026: Second-level cache disabled
2024-07-29 11:06:44,540[INFO] org.springframework.orm.jpa.persistenceunit.SpringPersistenceUnitInfo [restartedMain] No LoadTimeWeaver setup: ignoring JPA class transformer
2024-07-29 11:06:44,589[INFO] com.zaxxer.hikari.HikariDataSource [restartedMain] HikariPool-1 - Starting...
2024-07-29 11:06:44,944[INFO] com.zaxxer.hikari.pool.HikariPool [restartedMain] HikariPool-1 - Added connection com.mysql.cj.jdbc.ConnectionImpl@4746ceab
2024-07-29 11:06:44,946[INFO] com.zaxxer.hikari.HikariDataSource [restartedMain] HikariPool-1 - Start completed.
2024-07-29 11:06:45,885[INFO] org.hibernate.engine.transaction.jta.platform.internal.JtaPlatformInitiator [restartedMain] HHH000489: No JTA platform available (set 'hibernate.transaction.jta.platform' to enable JTA platform integration)
2024-07-29 11:06:45,955[INFO] org.springframework.orm.jpa.LocalContainerEntityManagerFactoryBean [restartedMain] Initialized JPA EntityManagerFactory for persistence unit 'default'
2024-07-29 11:06:46,488[WARN] org.springframework.boot.autoconfigure.orm.jpa.JpaBaseConfiguration$JpaWebConfiguration [restartedMain] spring.jpa.open-in-view is enabled by default. Therefore, database queries may be performed during view rendering. Explicitly configure spring.jpa.open-in-view to disable this warning
2024-07-29 11:06:47,081[WARN] org.springframework.boot.devtools.autoconfigure.OptionalLiveReloadServer [restartedMain] Unable to start LiveReload server
2024-07-29 11:06:47,117[WARN] org.springframework.boot.web.servlet.context.AnnotationConfigServletWebServerApplicationContext [restartedMain] Exception encountered during context initialization - cancelling refresh attempt: org.springframework.context.ApplicationContextException: Failed to start bean 'webServerStartStop'
2024-07-29 11:06:47,119[INFO] org.springframework.orm.jpa.LocalContainerEntityManagerFactoryBean [restartedMain] Closing JPA EntityManagerFactory for persistence unit 'default'
2024-07-29 11:06:47,123[INFO] com.zaxxer.hikari.HikariDataSource [restartedMain] HikariPool-1 - Shutdown initiated...
2024-07-29 11:06:47,139[INFO] com.zaxxer.hikari.HikariDataSource [restartedMain] HikariPool-1 - Shutdown completed.
2024-07-29 11:06:47,156[INFO] org.springframework.boot.autoconfigure.logging.ConditionEvaluationReportLogger [restartedMain] 

Error starting ApplicationContext. To display the condition evaluation report re-run your application with 'debug' enabled.
2024-07-29 11:06:47,190[ERROR] org.springframework.boot.diagnostics.LoggingFailureAnalysisReporter [restartedMain] 

***************************
APPLICATION FAILED TO START
***************************

Description:

Web server failed to start. Port 8080 was already in use.

Action:

Identify and stop the process that's listening on port 8080 or configure this application to listen on another port.

2024-07-29 11:10:58,007[INFO] org.apache.catalina.core.ContainerBase.[Tomcat].[localhost].[/] [http-nio-8080-exec-1] Initializing Spring DispatcherServlet 'dispatcherServlet'
2024-07-29 11:10:58,097[INFO] org.springframework.web.servlet.DispatcherServlet [http-nio-8080-exec-1] Initializing Servlet 'dispatcherServlet'
2024-07-29 11:10:58,105[INFO] org.springframework.web.servlet.DispatcherServlet [http-nio-8080-exec-1] Completed initialization in 3 ms
2024-07-29 11:11:32,295[INFO] org.springframework.boot.devtools.autoconfigure.LocalDevToolsAutoConfiguration$RestartingClassPathChangeChangedEventListener [File Watcher] Restarting due to 1 class path change (0 additions, 0 deletions, 1 modification)
2024-07-29 11:11:32,305[INFO] org.springframework.orm.jpa.LocalContainerEntityManagerFactoryBean [Thread-11] Closing JPA EntityManagerFactory for persistence unit 'default'
2024-07-29 11:11:32,307[INFO] com.zaxxer.hikari.HikariDataSource [Thread-11] HikariPool-3 - Shutdown initiated...
2024-07-29 11:11:32,315[INFO] com.zaxxer.hikari.HikariDataSource [Thread-11] HikariPool-3 - Shutdown completed.
2024-07-29 11:11:32,404[INFO] com.example.petsback.PetsbackApplication [restartedMain] Starting PetsbackApplication using Java 17.0.11 with PID 18264 (C:\Users\sowbu\OneDrive\Desktop\petsback\petsback\target\classes started by sowbu in C:\Users\sowbu\OneDrive\Desktop\petsback\petsback)
2024-07-29 11:11:32,405[INFO] com.example.petsback.PetsbackApplication [restartedMain] No active profile set, falling back to 1 default profile: "default"
2024-07-29 11:11:32,712[INFO] org.springframework.data.repository.config.RepositoryConfigurationDelegate [restartedMain] Bootstrapping Spring Data JPA repositories in DEFAULT mode.
2024-07-29 11:11:32,725[INFO] org.springframework.data.repository.config.RepositoryConfigurationDelegate [restartedMain] Finished Spring Data repository scanning in 12 ms. Found 1 JPA repository interface.
2024-07-29 11:11:32,818[INFO] org.springframework.boot.web.embedded.tomcat.TomcatWebServer [restartedMain] Tomcat initialized with port 8080 (http)
2024-07-29 11:11:32,820[INFO] org.apache.catalina.core.StandardService [restartedMain] Starting service [Tomcat]
2024-07-29 11:11:32,821[INFO] org.apache.catalina.core.StandardEngine [restartedMain] Starting Servlet engine: [Apache Tomcat/10.1.19]
2024-07-29 11:11:32,848[INFO] org.apache.catalina.core.ContainerBase.[Tomcat].[localhost].[/] [restartedMain] Initializing Spring embedded WebApplicationContext
2024-07-29 11:11:32,848[INFO] org.springframework.boot.web.servlet.context.ServletWebServerApplicationContext [restartedMain] Root WebApplicationContext: initialization completed in 438 ms
2024-07-29 11:11:32,887[INFO] org.hibernate.jpa.internal.util.LogHelper [restartedMain] HHH000204: Processing PersistenceUnitInfo [name: default]
2024-07-29 11:11:32,891[INFO] org.hibernate.cache.internal.RegionFactoryInitiator [restartedMain] HHH000026: Second-level cache disabled
2024-07-29 11:11:32,897[INFO] org.springframework.orm.jpa.persistenceunit.SpringPersistenceUnitInfo [restartedMain] No LoadTimeWeaver setup: ignoring JPA class transformer
2024-07-29 11:11:32,900[INFO] com.zaxxer.hikari.HikariDataSource [restartedMain] HikariPool-4 - Starting...
2024-07-29 11:11:32,918[INFO] com.zaxxer.hikari.pool.HikariPool [restartedMain] HikariPool-4 - Added connection com.mysql.cj.jdbc.ConnectionImpl@62328fb
2024-07-29 11:11:32,919[INFO] com.zaxxer.hikari.HikariDataSource [restartedMain] HikariPool-4 - Start completed.
2024-07-29 11:11:32,955[INFO] org.hibernate.engine.transaction.jta.platform.internal.JtaPlatformInitiator [restartedMain] HHH000489: No JTA platform available (set 'hibernate.transaction.jta.platform' to enable JTA platform integration)
2024-07-29 11:11:32,967[INFO] org.springframework.orm.jpa.LocalContainerEntityManagerFactoryBean [restartedMain] Initialized JPA EntityManagerFactory for persistence unit 'default'
2024-07-29 11:11:33,054[WARN] org.springframework.boot.autoconfigure.orm.jpa.JpaBaseConfiguration$JpaWebConfiguration [restartedMain] spring.jpa.open-in-view is enabled by default. Therefore, database queries may be performed during view rendering. Explicitly configure spring.jpa.open-in-view to disable this warning
2024-07-29 11:11:33,166[INFO] org.springframework.boot.devtools.autoconfigure.OptionalLiveReloadServer [restartedMain] LiveReload server is running on port 35729
2024-07-29 11:11:33,178[INFO] org.springframework.boot.web.embedded.tomcat.TomcatWebServer [restartedMain] Tomcat started on port 8080 (http) with context path ''
2024-07-29 11:11:33,184[INFO] com.example.petsback.PetsbackApplication [restartedMain] Started PetsbackApplication in 0.812 seconds (process running for 4361.276)
2024-07-29 11:11:33,186[INFO] org.springframework.boot.devtools.autoconfigure.ConditionEvaluationDeltaLoggingListener [restartedMain] Condition evaluation unchanged
2024-07-29 11:11:34,602[INFO] org.springframework.boot.devtools.autoconfigure.LocalDevToolsAutoConfiguration$RestartingClassPathChangeChangedEventListener [File Watcher] Restarting due to 1 class path change (0 additions, 0 deletions, 1 modification)
2024-07-29 11:11:34,609[INFO] org.springframework.orm.jpa.LocalContainerEntityManagerFactoryBean [Thread-15] Closing JPA EntityManagerFactory for persistence unit 'default'
2024-07-29 11:11:34,611[INFO] com.zaxxer.hikari.HikariDataSource [Thread-15] HikariPool-4 - Shutdown initiated...
2024-07-29 11:11:34,619[INFO] com.zaxxer.hikari.HikariDataSource [Thread-15] HikariPool-4 - Shutdown completed.
2024-07-29 11:11:34,690[INFO] com.example.petsback.PetsbackApplication [restartedMain] Starting PetsbackApplication using Java 17.0.11 with PID 18264 (C:\Users\sowbu\OneDrive\Desktop\petsback\petsback\target\classes started by sowbu in C:\Users\sowbu\OneDrive\Desktop\petsback\petsback)
2024-07-29 11:11:34,691[INFO] com.example.petsback.PetsbackApplication [restartedMain] No active profile set, falling back to 1 default profile: "default"
2024-07-29 11:11:34,944[INFO] org.springframework.data.repository.config.RepositoryConfigurationDelegate [restartedMain] Bootstrapping Spring Data JPA repositories in DEFAULT mode.
2024-07-29 11:11:34,956[INFO] org.springframework.data.repository.config.RepositoryConfigurationDelegate [restartedMain] Finished Spring Data repository scanning in 10 ms. Found 1 JPA repository interface.
2024-07-29 11:11:35,049[INFO] org.springframework.boot.web.embedded.tomcat.TomcatWebServer [restartedMain] Tomcat initialized with port 8080 (http)
2024-07-29 11:11:35,052[INFO] org.apache.catalina.core.StandardService [restartedMain] Starting service [Tomcat]
2024-07-29 11:11:35,054[INFO] org.apache.catalina.core.StandardEngine [restartedMain] Starting Servlet engine: [Apache Tomcat/10.1.19]
2024-07-29 11:11:35,078[INFO] org.apache.catalina.core.ContainerBase.[Tomcat].[localhost].[/] [restartedMain] Initializing Spring embedded WebApplicationContext
2024-07-29 11:11:35,081[INFO] org.springframework.boot.web.servlet.context.ServletWebServerApplicationContext [restartedMain] Root WebApplicationContext: initialization completed in 386 ms
2024-07-29 11:11:35,123[INFO] org.hibernate.jpa.internal.util.LogHelper [restartedMain] HHH000204: Processing PersistenceUnitInfo [name: default]
2024-07-29 11:11:35,125[INFO] org.hibernate.cache.internal.RegionFactoryInitiator [restartedMain] HHH000026: Second-level cache disabled
2024-07-29 11:11:35,132[INFO] org.springframework.orm.jpa.persistenceunit.SpringPersistenceUnitInfo [restartedMain] No LoadTimeWeaver setup: ignoring JPA class transformer
2024-07-29 11:11:35,134[INFO] com.zaxxer.hikari.HikariDataSource [restartedMain] HikariPool-5 - Starting...
2024-07-29 11:11:35,149[INFO] com.zaxxer.hikari.pool.HikariPool [restartedMain] HikariPool-5 - Added connection com.mysql.cj.jdbc.ConnectionImpl@42a96523
2024-07-29 11:11:35,150[INFO] com.zaxxer.hikari.HikariDataSource [restartedMain] HikariPool-5 - Start completed.
2024-07-29 11:11:35,190[INFO] org.hibernate.engine.transaction.jta.platform.internal.JtaPlatformInitiator [restartedMain] HHH000489: No JTA platform available (set 'hibernate.transaction.jta.platform' to enable JTA platform integration)
2024-07-29 11:11:35,200[INFO] org.springframework.orm.jpa.LocalContainerEntityManagerFactoryBean [restartedMain] Initialized JPA EntityManagerFactory for persistence unit 'default'
2024-07-29 11:11:35,281[WARN] org.springframework.boot.autoconfigure.orm.jpa.JpaBaseConfiguration$JpaWebConfiguration [restartedMain] spring.jpa.open-in-view is enabled by default. Therefore, database queries may be performed during view rendering. Explicitly configure spring.jpa.open-in-view to disable this warning
2024-07-29 11:11:35,396[INFO] org.springframework.boot.devtools.autoconfigure.OptionalLiveReloadServer [restartedMain] LiveReload server is running on port 35729
2024-07-29 11:11:35,406[INFO] org.springframework.boot.web.embedded.tomcat.TomcatWebServer [restartedMain] Tomcat started on port 8080 (http) with context path ''
2024-07-29 11:11:35,414[INFO] com.example.petsback.PetsbackApplication [restartedMain] Started PetsbackApplication in 0.758 seconds (process running for 4363.506)
2024-07-29 11:11:35,417[INFO] org.springframework.boot.devtools.autoconfigure.ConditionEvaluationDeltaLoggingListener [restartedMain] Condition evaluation unchanged
2024-07-29 11:11:40,389[INFO] com.example.petsback.PetsbackApplication [restartedMain] Starting PetsbackApplication using Java 17.0.11 with PID 6228 (C:\Users\sowbu\OneDrive\Desktop\petsback\petsback\target\classes started by sowbu in C:\Users\sowbu\OneDrive\Desktop\petsback\petsback)
2024-07-29 11:11:40,392[INFO] com.example.petsback.PetsbackApplication [restartedMain] No active profile set, falling back to 1 default profile: "default"
2024-07-29 11:11:40,467[INFO] org.springframework.boot.devtools.env.DevToolsPropertyDefaultsPostProcessor [restartedMain] Devtools property defaults active! Set 'spring.devtools.add-properties' to 'false' to disable
2024-07-29 11:11:40,467[INFO] org.springframework.boot.devtools.env.DevToolsPropertyDefaultsPostProcessor [restartedMain] For additional web related logging consider setting the 'logging.level.web' property to 'DEBUG'
2024-07-29 11:11:41,528[INFO] org.springframework.data.repository.config.RepositoryConfigurationDelegate [restartedMain] Bootstrapping Spring Data JPA repositories in DEFAULT mode.
2024-07-29 11:11:41,590[INFO] org.springframework.data.repository.config.RepositoryConfigurationDelegate [restartedMain] Finished Spring Data repository scanning in 53 ms. Found 1 JPA repository interface.
2024-07-29 11:11:42,567[INFO] org.springframework.boot.web.embedded.tomcat.TomcatWebServer [restartedMain] Tomcat initialized with port 8080 (http)
2024-07-29 11:11:42,591[INFO] org.apache.catalina.core.StandardService [restartedMain] Starting service [Tomcat]
2024-07-29 11:11:42,592[INFO] org.apache.catalina.core.StandardEngine [restartedMain] Starting Servlet engine: [Apache Tomcat/10.1.19]
2024-07-29 11:11:42,675[INFO] org.apache.catalina.core.ContainerBase.[Tomcat].[localhost].[/] [restartedMain] Initializing Spring embedded WebApplicationContext
2024-07-29 11:11:42,677[INFO] org.springframework.boot.web.servlet.context.ServletWebServerApplicationContext [restartedMain] Root WebApplicationContext: initialization completed in 2208 ms
2024-07-29 11:11:42,953[INFO] org.hibernate.jpa.internal.util.LogHelper [restartedMain] HHH000204: Processing PersistenceUnitInfo [name: default]
2024-07-29 11:11:43,069[INFO] org.hibernate.Version [restartedMain] HHH000412: Hibernate ORM core version 6.4.4.Final
2024-07-29 11:11:43,120[INFO] org.hibernate.cache.internal.RegionFactoryInitiator [restartedMain] HHH000026: Second-level cache disabled
2024-07-29 11:11:43,396[INFO] org.springframework.orm.jpa.persistenceunit.SpringPersistenceUnitInfo [restartedMain] No LoadTimeWeaver setup: ignoring JPA class transformer
2024-07-29 11:11:43,429[INFO] com.zaxxer.hikari.HikariDataSource [restartedMain] HikariPool-1 - Starting...
2024-07-29 11:11:43,799[INFO] com.zaxxer.hikari.pool.HikariPool [restartedMain] HikariPool-1 - Added connection com.mysql.cj.jdbc.ConnectionImpl@723ca908
2024-07-29 11:11:43,802[INFO] com.zaxxer.hikari.HikariDataSource [restartedMain] HikariPool-1 - Start completed.
2024-07-29 11:11:44,767[INFO] org.hibernate.engine.transaction.jta.platform.internal.JtaPlatformInitiator [restartedMain] HHH000489: No JTA platform available (set 'hibernate.transaction.jta.platform' to enable JTA platform integration)
2024-07-29 11:11:44,826[INFO] org.springframework.orm.jpa.LocalContainerEntityManagerFactoryBean [restartedMain] Initialized JPA EntityManagerFactory for persistence unit 'default'
2024-07-29 11:11:45,463[WARN] org.springframework.boot.autoconfigure.orm.jpa.JpaBaseConfiguration$JpaWebConfiguration [restartedMain] spring.jpa.open-in-view is enabled by default. Therefore, database queries may be performed during view rendering. Explicitly configure spring.jpa.open-in-view to disable this warning
2024-07-29 11:11:46,257[WARN] org.springframework.boot.devtools.autoconfigure.OptionalLiveReloadServer [restartedMain] Unable to start LiveReload server
2024-07-29 11:11:46,301[WARN] org.springframework.boot.web.servlet.context.AnnotationConfigServletWebServerApplicationContext [restartedMain] Exception encountered during context initialization - cancelling refresh attempt: org.springframework.context.ApplicationContextException: Failed to start bean 'webServerStartStop'
2024-07-29 11:11:46,305[INFO] org.springframework.orm.jpa.LocalContainerEntityManagerFactoryBean [restartedMain] Closing JPA EntityManagerFactory for persistence unit 'default'
2024-07-29 11:11:46,313[INFO] com.zaxxer.hikari.HikariDataSource [restartedMain] HikariPool-1 - Shutdown initiated...
2024-07-29 11:11:46,335[INFO] com.zaxxer.hikari.HikariDataSource [restartedMain] HikariPool-1 - Shutdown completed.
2024-07-29 11:11:46,359[INFO] org.springframework.boot.autoconfigure.logging.ConditionEvaluationReportLogger [restartedMain] 

Error starting ApplicationContext. To display the condition evaluation report re-run your application with 'debug' enabled.
2024-07-29 11:11:46,405[ERROR] org.springframework.boot.diagnostics.LoggingFailureAnalysisReporter [restartedMain] 

***************************
APPLICATION FAILED TO START
***************************

Description:

Web server failed to start. Port 8080 was already in use.

Action:

Identify and stop the process that's listening on port 8080 or configure this application to listen on another port.

2024-07-29 11:11:58,355[INFO] org.apache.catalina.core.ContainerBase.[Tomcat].[localhost].[/] [http-nio-8080-exec-1] Initializing Spring DispatcherServlet 'dispatcherServlet'
2024-07-29 11:11:58,356[INFO] org.springframework.web.servlet.DispatcherServlet [http-nio-8080-exec-1] Initializing Servlet 'dispatcherServlet'
2024-07-29 11:11:58,359[INFO] org.springframework.web.servlet.DispatcherServlet [http-nio-8080-exec-1] Completed initialization in 1 ms
2024-07-29 11:14:23,139[INFO] org.springframework.boot.devtools.autoconfigure.LocalDevToolsAutoConfiguration$RestartingClassPathChangeChangedEventListener [File Watcher] Restarting due to 1 class path change (0 additions, 0 deletions, 1 modification)
2024-07-29 11:14:23,158[INFO] org.springframework.orm.jpa.LocalContainerEntityManagerFactoryBean [Thread-19] Closing JPA EntityManagerFactory for persistence unit 'default'
2024-07-29 11:14:23,160[INFO] com.zaxxer.hikari.HikariDataSource [Thread-19] HikariPool-5 - Shutdown initiated...
2024-07-29 11:14:23,172[INFO] com.zaxxer.hikari.HikariDataSource [Thread-19] HikariPool-5 - Shutdown completed.
2024-07-29 11:14:23,241[INFO] com.example.petsback.PetsbackApplication [restartedMain] Starting PetsbackApplication using Java 17.0.11 with PID 18264 (C:\Users\sowbu\OneDrive\Desktop\petsback\petsback\target\classes started by sowbu in C:\Users\sowbu\OneDrive\Desktop\petsback\petsback)
2024-07-29 11:14:23,241[INFO] com.example.petsback.PetsbackApplication [restartedMain] No active profile set, falling back to 1 default profile: "default"
2024-07-29 11:14:23,451[INFO] org.springframework.data.repository.config.RepositoryConfigurationDelegate [restartedMain] Bootstrapping Spring Data JPA repositories in DEFAULT mode.
2024-07-29 11:14:23,460[INFO] org.springframework.data.repository.config.RepositoryConfigurationDelegate [restartedMain] Finished Spring Data repository scanning in 8 ms. Found 1 JPA repository interface.
2024-07-29 11:14:23,524[INFO] org.springframework.boot.web.embedded.tomcat.TomcatWebServer [restartedMain] Tomcat initialized with port 8080 (http)
2024-07-29 11:14:23,526[INFO] org.apache.catalina.core.StandardService [restartedMain] Starting service [Tomcat]
2024-07-29 11:14:23,527[INFO] org.apache.catalina.core.StandardEngine [restartedMain] Starting Servlet engine: [Apache Tomcat/10.1.19]
2024-07-29 11:14:23,547[INFO] org.apache.catalina.core.ContainerBase.[Tomcat].[localhost].[/] [restartedMain] Initializing Spring embedded WebApplicationContext
2024-07-29 11:14:23,548[INFO] org.springframework.boot.web.servlet.context.ServletWebServerApplicationContext [restartedMain] Root WebApplicationContext: initialization completed in 306 ms
2024-07-29 11:14:23,574[INFO] org.hibernate.jpa.internal.util.LogHelper [restartedMain] HHH000204: Processing PersistenceUnitInfo [name: default]
2024-07-29 11:14:23,580[INFO] org.hibernate.cache.internal.RegionFactoryInitiator [restartedMain] HHH000026: Second-level cache disabled
2024-07-29 11:14:23,586[INFO] org.springframework.orm.jpa.persistenceunit.SpringPersistenceUnitInfo [restartedMain] No LoadTimeWeaver setup: ignoring JPA class transformer
2024-07-29 11:14:23,587[INFO] com.zaxxer.hikari.HikariDataSource [restartedMain] HikariPool-6 - Starting...
2024-07-29 11:14:23,603[INFO] com.zaxxer.hikari.pool.HikariPool [restartedMain] HikariPool-6 - Added connection com.mysql.cj.jdbc.ConnectionImpl@662df94e
2024-07-29 11:14:23,604[INFO] com.zaxxer.hikari.HikariDataSource [restartedMain] HikariPool-6 - Start completed.
2024-07-29 11:14:23,635[INFO] org.hibernate.engine.transaction.jta.platform.internal.JtaPlatformInitiator [restartedMain] HHH000489: No JTA platform available (set 'hibernate.transaction.jta.platform' to enable JTA platform integration)
2024-07-29 11:14:23,643[INFO] org.springframework.orm.jpa.LocalContainerEntityManagerFactoryBean [restartedMain] Initialized JPA EntityManagerFactory for persistence unit 'default'
2024-07-29 11:14:23,704[WARN] org.springframework.boot.autoconfigure.orm.jpa.JpaBaseConfiguration$JpaWebConfiguration [restartedMain] spring.jpa.open-in-view is enabled by default. Therefore, database queries may be performed during view rendering. Explicitly configure spring.jpa.open-in-view to disable this warning
2024-07-29 11:14:23,773[INFO] org.springframework.boot.devtools.autoconfigure.OptionalLiveReloadServer [restartedMain] LiveReload server is running on port 35729
2024-07-29 11:14:23,781[INFO] org.springframework.boot.web.embedded.tomcat.TomcatWebServer [restartedMain] Tomcat started on port 8080 (http) with context path ''
2024-07-29 11:14:23,785[INFO] com.example.petsback.PetsbackApplication [restartedMain] Started PetsbackApplication in 0.564 seconds (process running for 4531.877)
2024-07-29 11:14:23,786[INFO] org.springframework.boot.devtools.autoconfigure.ConditionEvaluationDeltaLoggingListener [restartedMain] Condition evaluation unchanged
2024-07-29 11:14:25,200[INFO] org.springframework.boot.devtools.autoconfigure.LocalDevToolsAutoConfiguration$RestartingClassPathChangeChangedEventListener [File Watcher] Restarting due to 1 class path change (0 additions, 0 deletions, 1 modification)
2024-07-29 11:14:25,219[INFO] org.springframework.orm.jpa.LocalContainerEntityManagerFactoryBean [Thread-23] Closing JPA EntityManagerFactory for persistence unit 'default'
2024-07-29 11:14:25,221[INFO] com.zaxxer.hikari.HikariDataSource [Thread-23] HikariPool-6 - Shutdown initiated...
2024-07-29 11:14:25,231[INFO] com.zaxxer.hikari.HikariDataSource [Thread-23] HikariPool-6 - Shutdown completed.
2024-07-29 11:14:25,295[INFO] com.example.petsback.PetsbackApplication [restartedMain] Starting PetsbackApplication using Java 17.0.11 with PID 18264 (C:\Users\sowbu\OneDrive\Desktop\petsback\petsback\target\classes started by sowbu in C:\Users\sowbu\OneDrive\Desktop\petsback\petsback)
2024-07-29 11:14:25,299[INFO] com.example.petsback.PetsbackApplication [restartedMain] No active profile set, falling back to 1 default profile: "default"
2024-07-29 11:14:25,498[INFO] org.springframework.data.repository.config.RepositoryConfigurationDelegate [restartedMain] Bootstrapping Spring Data JPA repositories in DEFAULT mode.
2024-07-29 11:14:25,507[INFO] org.springframework.data.repository.config.RepositoryConfigurationDelegate [restartedMain] Finished Spring Data repository scanning in 8 ms. Found 1 JPA repository interface.
2024-07-29 11:14:25,592[INFO] org.springframework.boot.web.embedded.tomcat.TomcatWebServer [restartedMain] Tomcat initialized with port 8080 (http)
2024-07-29 11:14:25,593[INFO] org.apache.catalina.core.StandardService [restartedMain] Starting service [Tomcat]
2024-07-29 11:14:25,601[INFO] org.apache.catalina.core.StandardEngine [restartedMain] Starting Servlet engine: [Apache Tomcat/10.1.19]
2024-07-29 11:14:25,624[INFO] org.apache.catalina.core.ContainerBase.[Tomcat].[localhost].[/] [restartedMain] Initializing Spring embedded WebApplicationContext
2024-07-29 11:14:25,625[INFO] org.springframework.boot.web.servlet.context.ServletWebServerApplicationContext [restartedMain] Root WebApplicationContext: initialization completed in 323 ms
2024-07-29 11:14:25,654[INFO] org.hibernate.jpa.internal.util.LogHelper [restartedMain] HHH000204: Processing PersistenceUnitInfo [name: default]
2024-07-29 11:14:25,656[INFO] org.hibernate.cache.internal.RegionFactoryInitiator [restartedMain] HHH000026: Second-level cache disabled
2024-07-29 11:14:25,665[INFO] org.springframework.orm.jpa.persistenceunit.SpringPersistenceUnitInfo [restartedMain] No LoadTimeWeaver setup: ignoring JPA class transformer
2024-07-29 11:14:25,667[INFO] com.zaxxer.hikari.HikariDataSource [restartedMain] HikariPool-7 - Starting...
2024-07-29 11:14:25,679[INFO] com.zaxxer.hikari.pool.HikariPool [restartedMain] HikariPool-7 - Added connection com.mysql.cj.jdbc.ConnectionImpl@294f0f25
2024-07-29 11:14:25,680[INFO] com.zaxxer.hikari.HikariDataSource [restartedMain] HikariPool-7 - Start completed.
2024-07-29 11:14:25,708[INFO] org.hibernate.engine.transaction.jta.platform.internal.JtaPlatformInitiator [restartedMain] HHH000489: No JTA platform available (set 'hibernate.transaction.jta.platform' to enable JTA platform integration)
2024-07-29 11:14:25,718[INFO] org.springframework.orm.jpa.LocalContainerEntityManagerFactoryBean [restartedMain] Initialized JPA EntityManagerFactory for persistence unit 'default'
2024-07-29 11:14:25,776[WARN] org.springframework.boot.autoconfigure.orm.jpa.JpaBaseConfiguration$JpaWebConfiguration [restartedMain] spring.jpa.open-in-view is enabled by default. Therefore, database queries may be performed during view rendering. Explicitly configure spring.jpa.open-in-view to disable this warning
2024-07-29 11:14:25,976[INFO] org.springframework.boot.devtools.autoconfigure.OptionalLiveReloadServer [restartedMain] LiveReload server is running on port 35729
2024-07-29 11:14:25,990[INFO] org.springframework.boot.web.embedded.tomcat.TomcatWebServer [restartedMain] Tomcat started on port 8080 (http) with context path ''
2024-07-29 11:14:25,992[INFO] com.example.petsback.PetsbackApplication [restartedMain] Started PetsbackApplication in 0.718 seconds (process running for 4534.085)
2024-07-29 11:14:25,995[INFO] org.springframework.boot.devtools.autoconfigure.ConditionEvaluationDeltaLoggingListener [restartedMain] Condition evaluation unchanged
2024-07-29 11:14:41,756[INFO] org.springframework.boot.devtools.autoconfigure.LocalDevToolsAutoConfiguration$RestartingClassPathChangeChangedEventListener [File Watcher] Restarting due to 1 class path change (0 additions, 0 deletions, 1 modification)
2024-07-29 11:14:41,775[INFO] org.springframework.orm.jpa.LocalContainerEntityManagerFactoryBean [Thread-27] Closing JPA EntityManagerFactory for persistence unit 'default'
2024-07-29 11:14:41,776[INFO] com.zaxxer.hikari.HikariDataSource [Thread-27] HikariPool-7 - Shutdown initiated...
2024-07-29 11:14:41,787[INFO] com.zaxxer.hikari.HikariDataSource [Thread-27] HikariPool-7 - Shutdown completed.
2024-07-29 11:14:48,093[INFO] com.example.petsback.PetsbackApplication [restartedMain] Starting PetsbackApplication using Java 17.0.11 with PID 18264 (C:\Users\sowbu\OneDrive\Desktop\petsback\petsback\target\classes started by sowbu in C:\Users\sowbu\OneDrive\Desktop\petsback\petsback)
2024-07-29 11:14:48,105[INFO] com.example.petsback.PetsbackApplication [restartedMain] No active profile set, falling back to 1 default profile: "default"
2024-07-29 11:14:48,247[INFO] org.springframework.data.repository.config.RepositoryConfigurationDelegate [restartedMain] Bootstrapping Spring Data JPA repositories in DEFAULT mode.
2024-07-29 11:14:48,259[INFO] org.springframework.data.repository.config.RepositoryConfigurationDelegate [restartedMain] Finished Spring Data repository scanning in 9 ms. Found 1 JPA repository interface.
2024-07-29 11:14:48,350[INFO] org.springframework.boot.web.embedded.tomcat.TomcatWebServer [restartedMain] Tomcat initialized with port 8080 (http)
2024-07-29 11:14:48,351[INFO] org.apache.catalina.core.StandardService [restartedMain] Starting service [Tomcat]
2024-07-29 11:14:48,352[INFO] org.apache.catalina.core.StandardEngine [restartedMain] Starting Servlet engine: [Apache Tomcat/10.1.19]
2024-07-29 11:14:48,369[INFO] org.apache.catalina.core.ContainerBase.[Tomcat].[localhost].[/] [restartedMain] Initializing Spring embedded WebApplicationContext
2024-07-29 11:14:48,370[INFO] org.springframework.boot.web.servlet.context.ServletWebServerApplicationContext [restartedMain] Root WebApplicationContext: initialization completed in 260 ms
2024-07-29 11:14:48,399[INFO] org.hibernate.jpa.internal.util.LogHelper [restartedMain] HHH000204: Processing PersistenceUnitInfo [name: default]
2024-07-29 11:14:48,402[INFO] org.hibernate.cache.internal.RegionFactoryInitiator [restartedMain] HHH000026: Second-level cache disabled
2024-07-29 11:14:48,409[INFO] org.springframework.orm.jpa.persistenceunit.SpringPersistenceUnitInfo [restartedMain] No LoadTimeWeaver setup: ignoring JPA class transformer
2024-07-29 11:14:48,410[INFO] com.zaxxer.hikari.HikariDataSource [restartedMain] HikariPool-9 - Starting...
2024-07-29 11:14:48,425[INFO] com.zaxxer.hikari.pool.HikariPool [restartedMain] HikariPool-9 - Added connection com.mysql.cj.jdbc.ConnectionImpl@347736e7
2024-07-29 11:14:48,426[INFO] com.zaxxer.hikari.HikariDataSource [restartedMain] HikariPool-9 - Start completed.
2024-07-29 11:14:48,456[INFO] org.hibernate.engine.transaction.jta.platform.internal.JtaPlatformInitiator [restartedMain] HHH000489: No JTA platform available (set 'hibernate.transaction.jta.platform' to enable JTA platform integration)
2024-07-29 11:14:48,464[INFO] org.springframework.orm.jpa.LocalContainerEntityManagerFactoryBean [restartedMain] Initialized JPA EntityManagerFactory for persistence unit 'default'
2024-07-29 11:14:48,519[WARN] org.springframework.boot.autoconfigure.orm.jpa.JpaBaseConfiguration$JpaWebConfiguration [restartedMain] spring.jpa.open-in-view is enabled by default. Therefore, database queries may be performed during view rendering. Explicitly configure spring.jpa.open-in-view to disable this warning
2024-07-29 11:14:48,602[INFO] org.springframework.boot.devtools.autoconfigure.OptionalLiveReloadServer [restartedMain] LiveReload server is running on port 35729
2024-07-29 11:14:48,610[INFO] org.springframework.boot.web.embedded.tomcat.TomcatWebServer [restartedMain] Tomcat started on port 8080 (http) with context path ''
2024-07-29 11:14:48,615[INFO] com.example.petsback.PetsbackApplication [restartedMain] Started PetsbackApplication in 0.554 seconds (process running for 4556.707)
2024-07-29 11:14:48,617[INFO] org.springframework.boot.devtools.autoconfigure.ConditionEvaluationDeltaLoggingListener [restartedMain] Condition evaluation unchanged
2024-07-29 11:14:52,098[INFO] org.springframework.boot.devtools.autoconfigure.LocalDevToolsAutoConfiguration$RestartingClassPathChangeChangedEventListener [File Watcher] Restarting due to 1 class path change (0 additions, 0 deletions, 1 modification)
2024-07-29 11:14:52,108[INFO] org.springframework.orm.jpa.LocalContainerEntityManagerFactoryBean [Thread-35] Closing JPA EntityManagerFactory for persistence unit 'default'
2024-07-29 11:14:52,108[INFO] com.zaxxer.hikari.HikariDataSource [Thread-35] HikariPool-9 - Shutdown initiated...
2024-07-29 11:14:52,119[INFO] com.zaxxer.hikari.HikariDataSource [Thread-35] HikariPool-9 - Shutdown completed.
